<?xml version="1.0" encoding="UTF-8"?>
<!-- Generated by org.testng.reporters.JUnitXMLReporter -->
<testsuite ignored="0" hostname="VISHAKHA" failures="0" tests="3" name="Default test" time="0.061" errors="0" timestamp="2024-08-31T15:53:21 IST">
  <testcase classname="TestNG.DataProviderEx2" name="bookTickets" time="0.006"/>
  <testcase classname="TestNG.DataProviderEx2" name="bookTickets" time="0.001"/>
  <testcase classname="TestNG.DataProviderEx2" name="bookTickets" time="0.003"/>
</testsuite> <!-- Default test -->
