<?xml version="1.0" encoding="UTF-8"?>
<testng-results ignored="0" total="3" passed="3" failed="0" skipped="0">
  <reporter-output>
  </reporter-output>
  <suite started-at="2024-08-31T15:53:21 IST" name="Default suite" finished-at="2024-08-31T15:53:21 IST" duration-ms="61">
    <groups>
    </groups>
    <test started-at="2024-08-31T15:53:21 IST" name="Default test" finished-at="2024-08-31T15:53:21 IST" duration-ms="61">
      <class name="TestNG.DataProviderEx2">
        <test-method signature="bookTickets(java.lang.String,java.lang.String,java.lang.String)[pri:0, instance:TestNG.DataProviderEx2@56cdfb3b]" started-at="2024-08-31T15:53:21 IST" name="bookTickets" data-provider="dataProvider_BookTickets" finished-at="2024-08-31T15:53:21 IST" duration-ms="6" status="PASS">
          <params>
            <param index="0">
              <value>
                <![CDATA[Banglore]]>
              </value>
            </param>
            <param index="1">
              <value>
                <![CDATA[Goa]]>
              </value>
            </param>
            <param index="2">
              <value>
                <![CDATA[5]]>
              </value>
            </param>
          </params>
          <reporter-output>
          </reporter-output>
        </test-method> <!-- bookTickets -->
        <test-method signature="bookTickets(java.lang.String,java.lang.String,java.lang.String)[pri:0, instance:TestNG.DataProviderEx2@56cdfb3b]" started-at="2024-08-31T15:53:21 IST" name="bookTickets" data-provider="dataProvider_BookTickets" finished-at="2024-08-31T15:53:21 IST" duration-ms="1" status="PASS">
          <params>
            <param index="0">
              <value>
                <![CDATA[Banglore]]>
              </value>
            </param>
            <param index="1">
              <value>
                <![CDATA[Chennai]]>
              </value>
            </param>
            <param index="2">
              <value>
                <![CDATA[3]]>
              </value>
            </param>
          </params>
          <reporter-output>
          </reporter-output>
        </test-method> <!-- bookTickets -->
        <test-method signature="bookTickets(java.lang.String,java.lang.String,java.lang.String)[pri:0, instance:TestNG.DataProviderEx2@56cdfb3b]" started-at="2024-08-31T15:53:21 IST" name="bookTickets" data-provider="dataProvider_BookTickets" finished-at="2024-08-31T15:53:21 IST" duration-ms="3" status="PASS">
          <params>
            <param index="0">
              <value>
                <![CDATA[Banglore]]>
              </value>
            </param>
            <param index="1">
              <value>
                <![CDATA[Mysore]]>
              </value>
            </param>
            <param index="2">
              <value>
                <![CDATA[2]]>
              </value>
            </param>
          </params>
          <reporter-output>
          </reporter-output>
        </test-method> <!-- bookTickets -->
      </class> <!-- TestNG.DataProviderEx2 -->
    </test> <!-- Default test -->
  </suite> <!-- Default suite -->
</testng-results>
